[2017-08-03 09:51:49] app.ALERT: Fatal Error (E_ERROR): Maximum function nesting level of '100' reached, aborting! {"code":1,"message":"Maximum function nesting level of '100' reached, aborting!","file":"D:\\xampp\\htdocs\\pro\\edusohoty\\vendor\\twig\\twig\\lib\\Twig\\Loader\\Array.php","line":71} []
[2017-08-03 10:06:37] app.ALERT: Fatal Error (E_ERROR): Maximum function nesting level of '100' reached, aborting! {"code":1,"message":"Maximum function nesting level of '100' reached, aborting!","file":"D:\\xampp\\htdocs\\pro\\edusohoty\\vendor\\twig\\twig\\lib\\Twig\\Loader\\Array.php","line":71} []
[2017-08-04 21:37:19] app.ERROR: Uncaught Exception PDOException: "SQLSTATE[HY000] [1045] Access denied for user 'root'@'localhost' (using password: YES)" at E:\xampp\htdocs\pro\edusohoty\app\cache\prod\appProdProjectContainer.php line 3367 {"exception":"[object] (PDOException(code: 1045): SQLSTATE[HY000] [1045] Access denied for user 'root'@'localhost' (using password: YES) at E:\\xampp\\htdocs\\pro\\edusohoty\\app\\cache\\prod\\appProdProjectContainer.php:3367, Doctrine\\DBAL\\Exception\\ConnectionException(code: 0): An exception occured in driver: SQLSTATE[HY000] [1045] Access denied for user 'root'@'localhost' (using password: YES) at E:\\xampp\\htdocs\\pro\\edusohoty\\vendor\\doctrine\\dbal\\lib\\Doctrine\\DBAL\\Driver\\AbstractMySQLDriver.php:103, Doctrine\\DBAL\\Driver\\PDOException(code: 1045): SQLSTATE[HY000] [1045] Access denied for user 'root'@'localhost' (using password: YES) at E:\\xampp\\htdocs\\pro\\edusohoty\\vendor\\doctrine\\dbal\\lib\\Doctrine\\DBAL\\Driver\\PDOConnection.php:47, PDOException(code: 1045): SQLSTATE[HY000] [1045] Access denied for user 'root'@'localhost' (using password: YES) at E:\\xampp\\htdocs\\pro\\edusohoty\\vendor\\doctrine\\dbal\\lib\\Doctrine\\DBAL\\Driver\\PDOConnection.php:43)"} []
[2017-08-04 21:37:53] app.DEBUG: SELECT * FROM cache WHERE name IN (?); ["settings"] []
[2017-08-04 21:37:56] app.DEBUG: SELECT COUNT(*) FROM cloud_app cloud_app [] []
[2017-08-04 21:37:56] app.DEBUG: SELECT * FROM cloud_app cloud_app ORDER BY installedTime DESC LIMIT 1 OFFSET 0 [] []
[2017-08-04 21:38:00] app.DEBUG: SELECT * FROM groups groups WHERE status = :status ORDER BY memberNum DESC LIMIT 12 OFFSET 0 {":status":"open"} []
[2017-08-04 21:38:00] app.DEBUG: SELECT * FROM groups_thread groups_thread WHERE (createdTime > :createdTime) AND (status = :status) ORDER BY isStick DESC, createdTime DESC LIMIT 25 OFFSET 0 {":createdTime":1499261880,":status":"open"} []
[2017-08-04 21:38:00] app.DEBUG: SELECT * FROM groups groups WHERE status = :status ORDER BY createdTime DESC LIMIT 8 OFFSET 0 {":status":"open"} []
[2017-08-04 21:38:01] app.DEBUG: SELECT * FROM theme_config WHERE name = ? LIMIT 1  ["简墨"] []
[2017-08-04 21:38:02] app.DEBUG: SELECT * FROM announcement announcement WHERE (targetType = :targetType) AND (startTime <=:startTime) AND (endTime >=:endTime) ORDER BY createdTime DESC LIMIT 3 OFFSET 0 {":targetType":"global",":startTime":1501853400,":endTime":1501853400} []
[2017-08-04 21:38:02] app.DEBUG: SELECT COUNT(*) FROM navigation navigation WHERE (type = :type) AND (isOpen = :isOpen) AND (orgId = :orgId) {":type":"top",":isOpen":1,":orgId":1} []
[2017-08-04 21:38:02] app.DEBUG: SELECT * FROM navigation navigation WHERE (type = :type) AND (isOpen = :isOpen) AND (orgId = :orgId) ORDER BY sequence ASC LIMIT 13 OFFSET 0 {":type":"top",":isOpen":1,":orgId":1} []
[2017-08-04 21:38:03] app.DEBUG: SELECT * FROM block WHERE code = ? AND orgId = ? LIMIT 1  ["jianmo:bottom_info",1] []
[2017-08-04 21:38:03] app.DEBUG: SELECT * FROM block_template WHERE id = ? ["6"] []
[2017-08-04 21:38:05] app.DEBUG: SELECT * FROM cache WHERE name IN (?); ["settings"] []
[2017-08-04 21:38:17] app.DEBUG: SELECT * FROM cache WHERE name IN (?); ["settings"] []
[2017-08-04 21:38:21] app.DEBUG: SELECT * FROM cache WHERE name IN (?); ["settings"] []
[2017-08-04 21:38:22] app.DEBUG: SELECT COUNT(*) FROM cloud_app cloud_app [] []
[2017-08-04 21:38:22] app.DEBUG: SELECT * FROM cloud_app cloud_app ORDER BY installedTime DESC LIMIT 1 OFFSET 0 [] []
[2017-08-04 21:38:33] app.DEBUG: SELECT * FROM cache WHERE name IN (?); ["settings"] []
[2017-08-04 21:38:38] app.DEBUG: SELECT * FROM cache WHERE name IN (?); ["settings"] []
[2017-08-04 21:38:57] app.DEBUG: SELECT * FROM cache WHERE name IN (?); ["settings"] []
[2017-08-04 21:38:58] app.DEBUG: SELECT * FROM cache WHERE name IN (?); ["settings"] []
[2017-08-04 21:39:07] app.DEBUG: SELECT * FROM cache WHERE name IN (?); ["settings"] []
[2017-08-04 21:39:12] app.DEBUG: SELECT * FROM cache WHERE name IN (?); ["settings"] []
[2017-08-04 21:57:32] app.DEBUG: SELECT * FROM cache WHERE name IN (?); ["settings"] []
[2017-08-04 21:58:13] app.DEBUG: SELECT * FROM cache WHERE name IN (?); ["settings"] []
[2017-08-04 22:00:50] app.DEBUG: SELECT * FROM cache WHERE name IN (?); ["settings"] []
[2017-08-04 22:01:42] app.DEBUG: SELECT * FROM cache WHERE name IN (?); ["settings"] []
[2017-08-04 22:01:45] app.DEBUG: SELECT COUNT(*) FROM navigation navigation WHERE (type = :type) AND (isOpen = :isOpen) AND (orgId = :orgId) {":type":"friendlyLink",":isOpen":1,":orgId":1} []
[2017-08-04 22:01:45] app.DEBUG: SELECT * FROM theme_config WHERE name = ? LIMIT 1  ["简墨"] []
[2017-08-04 22:01:46] app.DEBUG: SELECT * FROM announcement announcement WHERE (targetType = :targetType) AND (startTime <=:startTime) AND (endTime >=:endTime) ORDER BY createdTime DESC LIMIT 3 OFFSET 0 {":targetType":"global",":startTime":1501855200,":endTime":1501855200} []
[2017-08-04 22:01:47] app.DEBUG: SELECT COUNT(*) FROM navigation navigation WHERE (type = :type) AND (isOpen = :isOpen) AND (orgId = :orgId) {":type":"top",":isOpen":1,":orgId":1} []
[2017-08-04 22:01:47] app.DEBUG: SELECT * FROM navigation navigation WHERE (type = :type) AND (isOpen = :isOpen) AND (orgId = :orgId) ORDER BY sequence ASC LIMIT 13 OFFSET 0 {":type":"top",":isOpen":1,":orgId":1} []
[2017-08-04 22:01:47] app.DEBUG: SELECT * FROM block WHERE code = ? AND orgId = ? LIMIT 1  ["jianmo:home_top_banner",1] []
[2017-08-04 22:01:47] app.DEBUG: SELECT * FROM block_template WHERE id = ? ["4"] []
[2017-08-04 22:01:47] app.DEBUG: SELECT * FROM course_set_v8 course_set_v8 WHERE (status = :status) AND (parentId = :parentId) ORDER BY createdTime DESC LIMIT 12 OFFSET 0 {":status":"published",":parentId":0} []
[2017-08-04 22:01:47] app.DEBUG: SELECT * FROM user WHERE id IN (?,?,?,?,?,?,?,?,?,?,?,?); ["1","1","1","1","1","1","1","1","1","1","1","1"] []
[2017-08-04 22:01:47] app.DEBUG: SELECT * FROM user_profile WHERE id IN (?,?,?,?,?,?,?,?,?,?,?,?); ["1","1","1","1","1","1","1","1","1","1","1","1"] []
[2017-08-04 22:01:47] app.DEBUG: SELECT * FROM category WHERE id IN (?,?,?,?); ["4","1","2","3"] []
[2017-08-04 22:01:47] app.DEBUG: SELECT * FROM course_v8 WHERE courseSetId IN (?,?,?,?,?,?,?,?,?,?,?,?); ["19","18","13","14","15","12","11","10","9","8","7","6"] []
[2017-08-04 22:01:48] app.DEBUG: SELECT * FROM category_group WHERE code = ? LIMIT 1 ["course"] []
[2017-08-04 22:01:48] app.DEBUG: SELECT * FROM category WHERE groupId = ? AND parentId = ? ORDER BY weight ASC ["1",0] []
[2017-08-04 22:01:48] app.DEBUG: SELECT * FROM block WHERE code = ? AND orgId = ? LIMIT 1  ["jianmo:middle_banner",1] []
[2017-08-04 22:01:48] app.DEBUG: SELECT * FROM block_template WHERE id = ? ["5"] []
[2017-08-04 22:01:48] app.DEBUG: SELECT * FROM classroom classroom WHERE (status = :status) AND (recommended = :recommended) AND (showable = :showable) ORDER BY recommendedSeq ASC LIMIT 4 OFFSET 0 {":status":"published",":showable":1,":recommended":1} []
[2017-08-04 22:01:48] app.DEBUG: SELECT * FROM classroom_member WHERE classroomId = ? AND role LIKE ('%|teacher|%') ["4"] []
[2017-08-04 22:01:48] app.DEBUG: SELECT * FROM classroom WHERE id = ? ["4"] []
[2017-08-04 22:01:48] app.DEBUG: SELECT * FROM user WHERE id IN (?); ["1"] []
[2017-08-04 22:01:48] app.DEBUG: SELECT * FROM classroom_member WHERE classroomId = ? AND role LIKE ('%|teacher|%') ["3"] []
[2017-08-04 22:01:48] app.DEBUG: SELECT * FROM classroom WHERE id = ? ["3"] []
[2017-08-04 22:01:48] app.DEBUG: SELECT * FROM user WHERE id IN (?); ["1"] []
[2017-08-04 22:01:48] app.DEBUG: SELECT * FROM classroom_member WHERE classroomId = ? AND role LIKE ('%|teacher|%') ["2"] []
[2017-08-04 22:01:48] app.DEBUG: SELECT * FROM classroom WHERE id = ? ["2"] []
[2017-08-04 22:01:48] app.DEBUG: SELECT * FROM user WHERE id IN (?); ["1"] []
[2017-08-04 22:01:48] app.DEBUG: SELECT * FROM classroom_member WHERE classroomId = ? AND role LIKE ('%|teacher|%') ["1"] []
[2017-08-04 22:01:48] app.DEBUG: SELECT * FROM classroom_member WHERE userId = ? AND classroomId = ? LIMIT 1 [0,"4"] []
[2017-08-04 22:01:48] app.DEBUG: SELECT * FROM classroom_member WHERE userId = ? AND classroomId = ? LIMIT 1 [0,"3"] []
[2017-08-04 22:01:48] app.DEBUG: SELECT * FROM classroom_member WHERE userId = ? AND classroomId = ? LIMIT 1 [0,"2"] []
[2017-08-04 22:01:48] app.DEBUG: SELECT * FROM classroom_member WHERE userId = ? AND classroomId = ? LIMIT 1 [0,"1"] []
[2017-08-04 22:01:48] app.DEBUG: SELECT * FROM groups groups WHERE status = :status ORDER BY memberNum DESC LIMIT 6 OFFSET 0 {":status":"open"} []
[2017-08-04 22:01:48] app.DEBUG: SELECT * FROM course_review course_review WHERE (parentId = :parentId) AND (private = :private) ORDER BY createdTime DESC LIMIT 4 OFFSET 0 {":private":0,":parentId":0} []
[2017-08-04 22:01:48] app.DEBUG: SELECT * FROM article article WHERE (status = :status) AND (featured = :featured) ORDER BY createdTime DESC LIMIT 2 OFFSET 0 {":featured":1,":status":"published"} []
[2017-08-04 22:01:48] app.DEBUG: SELECT * FROM article_category WHERE id IN (?); ["1"] []
[2017-08-04 22:01:48] app.DEBUG: SELECT * FROM article article WHERE status = :status ORDER BY createdTime DESC LIMIT 5 OFFSET 0 {":status":"published"} []
[2017-08-04 22:01:48] app.DEBUG: SELECT * FROM article_category WHERE id IN (?,?,?,?,?); ["1","3","3","3","1"] []
[2017-08-04 22:01:49] app.DEBUG: SELECT * FROM user user WHERE (promoted = :promoted) AND (roles LIKE :roles) AND (locked = :locked) AND (type <> 'system') ORDER BY promoted DESC, promotedSeq ASC, promotedTime DESC, createdTime DESC LIMIT 4 OFFSET 0 {":roles":"%ROLE_TEACHER%",":promoted":"1",":locked":0} []
[2017-08-04 22:01:49] app.DEBUG: SELECT * FROM user_profile WHERE id IN (?,?,?,?); ["6","5","3","2"] []
[2017-08-04 22:01:49] app.DEBUG: SELECT * FROM block WHERE code = ? AND orgId = ? LIMIT 1  ["jianmo:bottom_info",1] []
[2017-08-04 22:01:49] app.DEBUG: SELECT * FROM block_template WHERE id = ? ["6"] []
[2017-08-04 22:02:37] app.DEBUG: SELECT * FROM cache WHERE name IN (?); ["settings"] []
[2017-08-04 22:02:37] app.DEBUG: SELECT * FROM user WHERE id = ? ["6"] []
[2017-08-04 22:02:37] app.DEBUG: SELECT * FROM user_profile WHERE id = ? ["6"] []
[2017-08-04 22:02:37] app.DEBUG: SELECT * FROM course_member WHERE userId = ? AND role =  ? ["6","teacher"] []
[2017-08-04 22:02:37] app.DEBUG: SELECT * FROM course_member WHERE userId = ? AND role =  ? ["6","teacher"] []
[2017-08-04 22:02:38] app.DEBUG: SELECT * FROM theme_config WHERE name = ? LIMIT 1  ["简墨"] []
[2017-08-04 22:02:38] app.DEBUG: SELECT * FROM announcement announcement WHERE (targetType = :targetType) AND (startTime <=:startTime) AND (endTime >=:endTime) ORDER BY createdTime DESC LIMIT 3 OFFSET 0 {":targetType":"global",":startTime":1501855200,":endTime":1501855200} []
[2017-08-04 22:02:38] app.DEBUG: SELECT COUNT(*) FROM navigation navigation WHERE (type = :type) AND (isOpen = :isOpen) AND (orgId = :orgId) {":type":"top",":isOpen":1,":orgId":1} []
[2017-08-04 22:02:38] app.DEBUG: SELECT * FROM navigation navigation WHERE (type = :type) AND (isOpen = :isOpen) AND (orgId = :orgId) ORDER BY sequence ASC LIMIT 13 OFFSET 0 {":type":"top",":isOpen":1,":orgId":1} []
[2017-08-04 22:02:38] app.DEBUG: SELECT COUNT(*) FROM friend friend WHERE fromId = :fromId {":fromId":"6"} []
[2017-08-04 22:02:38] app.DEBUG: SELECT COUNT(*) FROM friend friend WHERE toId = :toId {":toId":"6"} []
[2017-08-04 22:02:38] app.DEBUG: SELECT * FROM block WHERE code = ? AND orgId = ? LIMIT 1  ["jianmo:bottom_info",1] []
[2017-08-04 22:02:38] app.DEBUG: SELECT * FROM block_template WHERE id = ? ["6"] []
[2017-08-04 22:02:41] app.DEBUG: SELECT * FROM cache WHERE name IN (?); ["settings"] []
[2017-08-04 22:02:42] app.DEBUG: SELECT * FROM user WHERE id = ? ["6"] []
[2017-08-04 22:02:42] app.DEBUG: SELECT * FROM user_profile WHERE id = ? ["6"] []
[2017-08-04 22:02:42] app.DEBUG: SELECT * FROM theme_config WHERE name = ? LIMIT 1  ["简墨"] []
[2017-08-04 22:02:42] app.DEBUG: SELECT * FROM announcement announcement WHERE (targetType = :targetType) AND (startTime <=:startTime) AND (endTime >=:endTime) ORDER BY createdTime DESC LIMIT 3 OFFSET 0 {":targetType":"global",":startTime":1501855200,":endTime":1501855200} []
[2017-08-04 22:02:42] app.DEBUG: SELECT COUNT(*) FROM navigation navigation WHERE (type = :type) AND (isOpen = :isOpen) AND (orgId = :orgId) {":type":"top",":isOpen":1,":orgId":1} []
[2017-08-04 22:02:42] app.DEBUG: SELECT * FROM navigation navigation WHERE (type = :type) AND (isOpen = :isOpen) AND (orgId = :orgId) ORDER BY sequence ASC LIMIT 13 OFFSET 0 {":type":"top",":isOpen":1,":orgId":1} []
[2017-08-04 22:02:42] app.DEBUG: SELECT COUNT(*) FROM friend friend WHERE fromId = :fromId {":fromId":"6"} []
[2017-08-04 22:02:42] app.DEBUG: SELECT COUNT(*) FROM friend friend WHERE toId = :toId {":toId":"6"} []
[2017-08-04 22:02:42] app.DEBUG: SELECT * FROM block WHERE code = ? AND orgId = ? LIMIT 1  ["jianmo:bottom_info",1] []
[2017-08-04 22:02:42] app.DEBUG: SELECT * FROM block_template WHERE id = ? ["6"] []
[2017-08-04 22:02:55] app.DEBUG: SELECT * FROM cache WHERE name IN (?); ["settings"] []
[2017-08-04 22:02:56] app.DEBUG: SELECT COUNT(*) FROM navigation navigation WHERE (type = :type) AND (isOpen = :isOpen) AND (orgId = :orgId) {":type":"friendlyLink",":isOpen":1,":orgId":1} []
[2017-08-04 22:02:56] app.DEBUG: SELECT * FROM theme_config WHERE name = ? LIMIT 1  ["简墨"] []
[2017-08-04 22:02:56] app.DEBUG: SELECT * FROM announcement announcement WHERE (targetType = :targetType) AND (startTime <=:startTime) AND (endTime >=:endTime) ORDER BY createdTime DESC LIMIT 3 OFFSET 0 {":targetType":"global",":startTime":1501855200,":endTime":1501855200} []
[2017-08-04 22:02:56] app.DEBUG: SELECT COUNT(*) FROM navigation navigation WHERE (type = :type) AND (isOpen = :isOpen) AND (orgId = :orgId) {":type":"top",":isOpen":1,":orgId":1} []
[2017-08-04 22:02:56] app.DEBUG: SELECT * FROM navigation navigation WHERE (type = :type) AND (isOpen = :isOpen) AND (orgId = :orgId) ORDER BY sequence ASC LIMIT 13 OFFSET 0 {":type":"top",":isOpen":1,":orgId":1} []
[2017-08-04 22:02:56] app.DEBUG: SELECT * FROM block WHERE code = ? AND orgId = ? LIMIT 1  ["jianmo:home_top_banner",1] []
[2017-08-04 22:02:56] app.DEBUG: SELECT * FROM block_template WHERE id = ? ["4"] []
[2017-08-04 22:02:56] app.DEBUG: SELECT * FROM course_set_v8 course_set_v8 WHERE (status = :status) AND (parentId = :parentId) ORDER BY createdTime DESC LIMIT 12 OFFSET 0 {":status":"published",":parentId":0} []
[2017-08-04 22:02:56] app.DEBUG: SELECT * FROM user WHERE id IN (?,?,?,?,?,?,?,?,?,?,?,?); ["1","1","1","1","1","1","1","1","1","1","1","1"] []
[2017-08-04 22:02:56] app.DEBUG: SELECT * FROM user_profile WHERE id IN (?,?,?,?,?,?,?,?,?,?,?,?); ["1","1","1","1","1","1","1","1","1","1","1","1"] []
[2017-08-04 22:02:56] app.DEBUG: SELECT * FROM category WHERE id IN (?,?,?,?); ["4","1","2","3"] []
[2017-08-04 22:02:56] app.DEBUG: SELECT * FROM course_v8 WHERE courseSetId IN (?,?,?,?,?,?,?,?,?,?,?,?); ["19","18","13","14","15","12","11","10","9","8","7","6"] []
[2017-08-04 22:02:56] app.DEBUG: SELECT * FROM category_group WHERE code = ? LIMIT 1 ["course"] []
[2017-08-04 22:02:56] app.DEBUG: SELECT * FROM category WHERE groupId = ? AND parentId = ? ORDER BY weight ASC ["1",0] []
[2017-08-04 22:02:56] app.DEBUG: SELECT * FROM block WHERE code = ? AND orgId = ? LIMIT 1  ["jianmo:middle_banner",1] []
[2017-08-04 22:02:56] app.DEBUG: SELECT * FROM block_template WHERE id = ? ["5"] []
[2017-08-04 22:02:56] app.DEBUG: SELECT * FROM classroom classroom WHERE (status = :status) AND (recommended = :recommended) AND (showable = :showable) ORDER BY recommendedSeq ASC LIMIT 4 OFFSET 0 {":status":"published",":showable":1,":recommended":1} []
[2017-08-04 22:02:56] app.DEBUG: SELECT * FROM classroom_member WHERE classroomId = ? AND role LIKE ('%|teacher|%') ["4"] []
[2017-08-04 22:02:56] app.DEBUG: SELECT * FROM classroom WHERE id = ? ["4"] []
[2017-08-04 22:02:56] app.DEBUG: SELECT * FROM user WHERE id IN (?); ["1"] []
[2017-08-04 22:02:56] app.DEBUG: SELECT * FROM classroom_member WHERE classroomId = ? AND role LIKE ('%|teacher|%') ["3"] []
[2017-08-04 22:02:56] app.DEBUG: SELECT * FROM classroom WHERE id = ? ["3"] []
[2017-08-04 22:02:56] app.DEBUG: SELECT * FROM user WHERE id IN (?); ["1"] []
[2017-08-04 22:02:56] app.DEBUG: SELECT * FROM classroom_member WHERE classroomId = ? AND role LIKE ('%|teacher|%') ["2"] []
[2017-08-04 22:02:56] app.DEBUG: SELECT * FROM classroom WHERE id = ? ["2"] []
[2017-08-04 22:02:56] app.DEBUG: SELECT * FROM user WHERE id IN (?); ["1"] []
[2017-08-04 22:02:56] app.DEBUG: SELECT * FROM classroom_member WHERE classroomId = ? AND role LIKE ('%|teacher|%') ["1"] []
[2017-08-04 22:02:56] app.DEBUG: SELECT * FROM classroom_member WHERE userId = ? AND classroomId = ? LIMIT 1 [0,"4"] []
[2017-08-04 22:02:56] app.DEBUG: SELECT * FROM classroom_member WHERE userId = ? AND classroomId = ? LIMIT 1 [0,"3"] []
[2017-08-04 22:02:56] app.DEBUG: SELECT * FROM classroom_member WHERE userId = ? AND classroomId = ? LIMIT 1 [0,"2"] []
[2017-08-04 22:02:56] app.DEBUG: SELECT * FROM classroom_member WHERE userId = ? AND classroomId = ? LIMIT 1 [0,"1"] []
[2017-08-04 22:02:56] app.DEBUG: SELECT * FROM groups groups WHERE status = :status ORDER BY memberNum DESC LIMIT 6 OFFSET 0 {":status":"open"} []
[2017-08-04 22:02:56] app.DEBUG: SELECT * FROM course_review course_review WHERE (parentId = :parentId) AND (private = :private) ORDER BY createdTime DESC LIMIT 4 OFFSET 0 {":private":0,":parentId":0} []
[2017-08-04 22:02:56] app.DEBUG: SELECT * FROM article article WHERE (status = :status) AND (featured = :featured) ORDER BY createdTime DESC LIMIT 2 OFFSET 0 {":featured":1,":status":"published"} []
[2017-08-04 22:02:56] app.DEBUG: SELECT * FROM article_category WHERE id IN (?); ["1"] []
[2017-08-04 22:02:56] app.DEBUG: SELECT * FROM article article WHERE status = :status ORDER BY createdTime DESC LIMIT 5 OFFSET 0 {":status":"published"} []
[2017-08-04 22:02:56] app.DEBUG: SELECT * FROM article_category WHERE id IN (?,?,?,?,?); ["1","3","3","3","1"] []
[2017-08-04 22:02:56] app.DEBUG: SELECT * FROM user user WHERE (promoted = :promoted) AND (roles LIKE :roles) AND (locked = :locked) AND (type <> 'system') ORDER BY promoted DESC, promotedSeq ASC, promotedTime DESC, createdTime DESC LIMIT 4 OFFSET 0 {":roles":"%ROLE_TEACHER%",":promoted":"1",":locked":0} []
[2017-08-04 22:02:56] app.DEBUG: SELECT * FROM user_profile WHERE id IN (?,?,?,?); ["6","5","3","2"] []
[2017-08-04 22:02:56] app.DEBUG: SELECT * FROM block WHERE code = ? AND orgId = ? LIMIT 1  ["jianmo:bottom_info",1] []
[2017-08-04 22:02:56] app.DEBUG: SELECT * FROM block_template WHERE id = ? ["6"] []
[2017-08-04 22:03:08] app.ERROR: Uncaught Exception PDOException: "SQLSTATE[HY000] [1045] Access denied for user 'root'@'localhost' (using password: YES)" at E:\xampp\htdocs\pro\edusohoty\app\cache\prod\appProdProjectContainer.php line 3367 {"exception":"[object] (PDOException(code: 1045): SQLSTATE[HY000] [1045] Access denied for user 'root'@'localhost' (using password: YES) at E:\\xampp\\htdocs\\pro\\edusohoty\\app\\cache\\prod\\appProdProjectContainer.php:3367, Doctrine\\DBAL\\Exception\\ConnectionException(code: 0): An exception occured in driver: SQLSTATE[HY000] [1045] Access denied for user 'root'@'localhost' (using password: YES) at E:\\xampp\\htdocs\\pro\\edusohoty\\vendor\\doctrine\\dbal\\lib\\Doctrine\\DBAL\\Driver\\AbstractMySQLDriver.php:103, Doctrine\\DBAL\\Driver\\PDOException(code: 1045): SQLSTATE[HY000] [1045] Access denied for user 'root'@'localhost' (using password: YES) at E:\\xampp\\htdocs\\pro\\edusohoty\\vendor\\doctrine\\dbal\\lib\\Doctrine\\DBAL\\Driver\\PDOConnection.php:47, PDOException(code: 1045): SQLSTATE[HY000] [1045] Access denied for user 'root'@'localhost' (using password: YES) at E:\\xampp\\htdocs\\pro\\edusohoty\\vendor\\doctrine\\dbal\\lib\\Doctrine\\DBAL\\Driver\\PDOConnection.php:43)"} []
[2017-08-04 22:03:36] app.DEBUG: SELECT * FROM cache WHERE name IN (?); ["settings"] []
[2017-08-04 22:03:36] app.DEBUG: SELECT COUNT(*) FROM navigation navigation WHERE (type = :type) AND (isOpen = :isOpen) AND (orgId = :orgId) {":type":"friendlyLink",":isOpen":1,":orgId":1} []
[2017-08-04 22:03:36] app.DEBUG: SELECT * FROM theme_config WHERE name = ? LIMIT 1  ["简墨"] []
[2017-08-04 22:03:36] app.DEBUG: SELECT * FROM announcement announcement WHERE (targetType = :targetType) AND (startTime <=:startTime) AND (endTime >=:endTime) ORDER BY createdTime DESC LIMIT 3 OFFSET 0 {":targetType":"global",":startTime":1501855200,":endTime":1501855200} []
[2017-08-04 22:03:36] app.DEBUG: SELECT COUNT(*) FROM navigation navigation WHERE (type = :type) AND (isOpen = :isOpen) AND (orgId = :orgId) {":type":"top",":isOpen":1,":orgId":1} []
[2017-08-04 22:03:36] app.DEBUG: SELECT * FROM navigation navigation WHERE (type = :type) AND (isOpen = :isOpen) AND (orgId = :orgId) ORDER BY sequence ASC LIMIT 13 OFFSET 0 {":type":"top",":isOpen":1,":orgId":1} []
[2017-08-04 22:03:36] app.DEBUG: SELECT * FROM block WHERE code = ? AND orgId = ? LIMIT 1  ["jianmo:home_top_banner",1] []
[2017-08-04 22:03:36] app.DEBUG: SELECT * FROM block_template WHERE id = ? ["4"] []
[2017-08-04 22:03:36] app.DEBUG: SELECT * FROM course_set_v8 course_set_v8 WHERE (status = :status) AND (parentId = :parentId) ORDER BY createdTime DESC LIMIT 12 OFFSET 0 {":status":"published",":parentId":0} []
[2017-08-04 22:03:36] app.DEBUG: SELECT * FROM user WHERE id IN (?,?,?,?,?,?,?,?,?,?,?,?); ["1","1","1","1","1","1","1","1","1","1","1","1"] []
[2017-08-04 22:03:36] app.DEBUG: SELECT * FROM user_profile WHERE id IN (?,?,?,?,?,?,?,?,?,?,?,?); ["1","1","1","1","1","1","1","1","1","1","1","1"] []
[2017-08-04 22:03:36] app.DEBUG: SELECT * FROM category WHERE id IN (?,?,?,?); ["4","1","2","3"] []
[2017-08-04 22:03:36] app.DEBUG: SELECT * FROM course_v8 WHERE courseSetId IN (?,?,?,?,?,?,?,?,?,?,?,?); ["19","18","13","14","15","12","11","10","9","8","7","6"] []
[2017-08-04 22:03:36] app.DEBUG: SELECT * FROM category_group WHERE code = ? LIMIT 1 ["course"] []
[2017-08-04 22:03:36] app.DEBUG: SELECT * FROM category WHERE groupId = ? AND parentId = ? ORDER BY weight ASC ["1",0] []
[2017-08-04 22:03:36] app.DEBUG: SELECT * FROM block WHERE code = ? AND orgId = ? LIMIT 1  ["jianmo:middle_banner",1] []
[2017-08-04 22:03:36] app.DEBUG: SELECT * FROM block_template WHERE id = ? ["5"] []
[2017-08-04 22:03:36] app.DEBUG: SELECT * FROM classroom classroom WHERE (status = :status) AND (recommended = :recommended) AND (showable = :showable) ORDER BY recommendedSeq ASC LIMIT 4 OFFSET 0 {":status":"published",":showable":1,":recommended":1} []
[2017-08-04 22:03:36] app.DEBUG: SELECT * FROM classroom_member WHERE classroomId = ? AND role LIKE ('%|teacher|%') ["4"] []
[2017-08-04 22:03:36] app.DEBUG: SELECT * FROM classroom WHERE id = ? ["4"] []
[2017-08-04 22:03:36] app.DEBUG: SELECT * FROM user WHERE id IN (?); ["1"] []
[2017-08-04 22:03:36] app.DEBUG: SELECT * FROM classroom_member WHERE classroomId = ? AND role LIKE ('%|teacher|%') ["3"] []
[2017-08-04 22:03:36] app.DEBUG: SELECT * FROM classroom WHERE id = ? ["3"] []
[2017-08-04 22:03:36] app.DEBUG: SELECT * FROM user WHERE id IN (?); ["1"] []
[2017-08-04 22:03:36] app.DEBUG: SELECT * FROM classroom_member WHERE classroomId = ? AND role LIKE ('%|teacher|%') ["2"] []
[2017-08-04 22:03:36] app.DEBUG: SELECT * FROM classroom WHERE id = ? ["2"] []
[2017-08-04 22:03:36] app.DEBUG: SELECT * FROM user WHERE id IN (?); ["1"] []
[2017-08-04 22:03:36] app.DEBUG: SELECT * FROM classroom_member WHERE classroomId = ? AND role LIKE ('%|teacher|%') ["1"] []
[2017-08-04 22:03:36] app.DEBUG: SELECT * FROM classroom_member WHERE userId = ? AND classroomId = ? LIMIT 1 [0,"4"] []
[2017-08-04 22:03:36] app.DEBUG: SELECT * FROM classroom_member WHERE userId = ? AND classroomId = ? LIMIT 1 [0,"3"] []
[2017-08-04 22:03:36] app.DEBUG: SELECT * FROM classroom_member WHERE userId = ? AND classroomId = ? LIMIT 1 [0,"2"] []
[2017-08-04 22:03:36] app.DEBUG: SELECT * FROM classroom_member WHERE userId = ? AND classroomId = ? LIMIT 1 [0,"1"] []
[2017-08-04 22:03:36] app.DEBUG: SELECT * FROM groups groups WHERE status = :status ORDER BY memberNum DESC LIMIT 6 OFFSET 0 {":status":"open"} []
[2017-08-04 22:03:36] app.DEBUG: SELECT * FROM course_review course_review WHERE (parentId = :parentId) AND (private = :private) ORDER BY createdTime DESC LIMIT 4 OFFSET 0 {":private":0,":parentId":0} []
[2017-08-04 22:03:36] app.DEBUG: SELECT * FROM article article WHERE (status = :status) AND (featured = :featured) ORDER BY createdTime DESC LIMIT 2 OFFSET 0 {":featured":1,":status":"published"} []
[2017-08-04 22:03:36] app.DEBUG: SELECT * FROM article_category WHERE id IN (?); ["1"] []
[2017-08-04 22:03:36] app.DEBUG: SELECT * FROM article article WHERE status = :status ORDER BY createdTime DESC LIMIT 5 OFFSET 0 {":status":"published"} []
[2017-08-04 22:03:36] app.DEBUG: SELECT * FROM article_category WHERE id IN (?,?,?,?,?); ["1","3","3","3","1"] []
[2017-08-04 22:03:36] app.DEBUG: SELECT * FROM user user WHERE (promoted = :promoted) AND (roles LIKE :roles) AND (locked = :locked) AND (type <> 'system') ORDER BY promoted DESC, promotedSeq ASC, promotedTime DESC, createdTime DESC LIMIT 4 OFFSET 0 {":roles":"%ROLE_TEACHER%",":promoted":"1",":locked":0} []
[2017-08-04 22:03:36] app.DEBUG: SELECT * FROM user_profile WHERE id IN (?,?,?,?); ["6","5","3","2"] []
[2017-08-04 22:03:36] app.DEBUG: SELECT * FROM block WHERE code = ? AND orgId = ? LIMIT 1  ["jianmo:bottom_info",1] []
[2017-08-04 22:03:36] app.DEBUG: SELECT * FROM block_template WHERE id = ? ["6"] []
[2017-08-04 22:03:37] app.DEBUG: SELECT * FROM cache WHERE name IN (?); ["settings"] []
[2017-08-04 22:05:45] app.ERROR: Uncaught Exception PDOException: "SQLSTATE[HY000] [1045] Access denied for user 'root'@'localhost' (using password: YES)" at E:\xampp\htdocs\pro\edusohoty\app\cache\prod\appProdProjectContainer.php line 3367 {"exception":"[object] (PDOException(code: 1045): SQLSTATE[HY000] [1045] Access denied for user 'root'@'localhost' (using password: YES) at E:\\xampp\\htdocs\\pro\\edusohoty\\app\\cache\\prod\\appProdProjectContainer.php:3367, Doctrine\\DBAL\\Exception\\ConnectionException(code: 0): An exception occured in driver: SQLSTATE[HY000] [1045] Access denied for user 'root'@'localhost' (using password: YES) at E:\\xampp\\htdocs\\pro\\edusohoty\\vendor\\doctrine\\dbal\\lib\\Doctrine\\DBAL\\Driver\\AbstractMySQLDriver.php:103, Doctrine\\DBAL\\Driver\\PDOException(code: 1045): SQLSTATE[HY000] [1045] Access denied for user 'root'@'localhost' (using password: YES) at E:\\xampp\\htdocs\\pro\\edusohoty\\vendor\\doctrine\\dbal\\lib\\Doctrine\\DBAL\\Driver\\PDOConnection.php:47, PDOException(code: 1045): SQLSTATE[HY000] [1045] Access denied for user 'root'@'localhost' (using password: YES) at E:\\xampp\\htdocs\\pro\\edusohoty\\vendor\\doctrine\\dbal\\lib\\Doctrine\\DBAL\\Driver\\PDOConnection.php:43)"} []
[2017-08-04 22:05:52] app.ERROR: Uncaught Exception PDOException: "SQLSTATE[HY000] [1045] Access denied for user 'root'@'localhost' (using password: YES)" at E:\xampp\htdocs\pro\edusohoty\app\cache\prod\appProdProjectContainer.php line 3367 {"exception":"[object] (PDOException(code: 1045): SQLSTATE[HY000] [1045] Access denied for user 'root'@'localhost' (using password: YES) at E:\\xampp\\htdocs\\pro\\edusohoty\\app\\cache\\prod\\appProdProjectContainer.php:3367, Doctrine\\DBAL\\Exception\\ConnectionException(code: 0): An exception occured in driver: SQLSTATE[HY000] [1045] Access denied for user 'root'@'localhost' (using password: YES) at E:\\xampp\\htdocs\\pro\\edusohoty\\vendor\\doctrine\\dbal\\lib\\Doctrine\\DBAL\\Driver\\AbstractMySQLDriver.php:103, Doctrine\\DBAL\\Driver\\PDOException(code: 1045): SQLSTATE[HY000] [1045] Access denied for user 'root'@'localhost' (using password: YES) at E:\\xampp\\htdocs\\pro\\edusohoty\\vendor\\doctrine\\dbal\\lib\\Doctrine\\DBAL\\Driver\\PDOConnection.php:47, PDOException(code: 1045): SQLSTATE[HY000] [1045] Access denied for user 'root'@'localhost' (using password: YES) at E:\\xampp\\htdocs\\pro\\edusohoty\\vendor\\doctrine\\dbal\\lib\\Doctrine\\DBAL\\Driver\\PDOConnection.php:43)"} []
[2017-08-04 22:05:58] app.DEBUG: SELECT * FROM cache WHERE name IN (?); ["settings"] []
[2017-08-04 22:05:58] app.DEBUG: SELECT COUNT(*) FROM navigation navigation WHERE (type = :type) AND (isOpen = :isOpen) AND (orgId = :orgId) {":type":"friendlyLink",":isOpen":1,":orgId":1} []
[2017-08-04 22:05:59] app.DEBUG: SELECT * FROM theme_config WHERE name = ? LIMIT 1  ["简墨"] []
[2017-08-04 22:05:59] app.DEBUG: SELECT * FROM announcement announcement WHERE (targetType = :targetType) AND (startTime <=:startTime) AND (endTime >=:endTime) ORDER BY createdTime DESC LIMIT 3 OFFSET 0 {":targetType":"global",":startTime":1501855200,":endTime":1501855200} []
[2017-08-04 22:05:59] app.DEBUG: SELECT COUNT(*) FROM navigation navigation WHERE (type = :type) AND (isOpen = :isOpen) AND (orgId = :orgId) {":type":"top",":isOpen":1,":orgId":1} []
[2017-08-04 22:05:59] app.DEBUG: SELECT * FROM navigation navigation WHERE (type = :type) AND (isOpen = :isOpen) AND (orgId = :orgId) ORDER BY sequence ASC LIMIT 13 OFFSET 0 {":type":"top",":isOpen":1,":orgId":1} []
[2017-08-04 22:05:59] app.DEBUG: SELECT * FROM block WHERE code = ? AND orgId = ? LIMIT 1  ["jianmo:home_top_banner",1] []
[2017-08-04 22:05:59] app.DEBUG: SELECT * FROM block_template WHERE id = ? ["4"] []
[2017-08-04 22:05:59] app.DEBUG: SELECT * FROM course_set_v8 course_set_v8 WHERE (status = :status) AND (parentId = :parentId) ORDER BY createdTime DESC LIMIT 12 OFFSET 0 {":status":"published",":parentId":0} []
[2017-08-04 22:05:59] app.DEBUG: SELECT * FROM user WHERE id IN (?,?,?,?,?,?,?,?,?,?,?,?); ["1","1","1","1","1","1","1","1","1","1","1","1"] []
[2017-08-04 22:05:59] app.DEBUG: SELECT * FROM user_profile WHERE id IN (?,?,?,?,?,?,?,?,?,?,?,?); ["1","1","1","1","1","1","1","1","1","1","1","1"] []
[2017-08-04 22:05:59] app.DEBUG: SELECT * FROM category WHERE id IN (?,?,?,?); ["4","1","2","3"] []
[2017-08-04 22:05:59] app.DEBUG: SELECT * FROM course_v8 WHERE courseSetId IN (?,?,?,?,?,?,?,?,?,?,?,?); ["19","18","13","14","15","12","11","10","9","8","7","6"] []
[2017-08-04 22:05:59] app.DEBUG: SELECT * FROM category_group WHERE code = ? LIMIT 1 ["course"] []
[2017-08-04 22:05:59] app.DEBUG: SELECT * FROM category WHERE groupId = ? AND parentId = ? ORDER BY weight ASC ["1",0] []
[2017-08-04 22:05:59] app.DEBUG: SELECT * FROM block WHERE code = ? AND orgId = ? LIMIT 1  ["jianmo:middle_banner",1] []
[2017-08-04 22:05:59] app.DEBUG: SELECT * FROM block_template WHERE id = ? ["5"] []
[2017-08-04 22:05:59] app.DEBUG: SELECT * FROM classroom classroom WHERE (status = :status) AND (recommended = :recommended) AND (showable = :showable) ORDER BY recommendedSeq ASC LIMIT 4 OFFSET 0 {":status":"published",":showable":1,":recommended":1} []
[2017-08-04 22:05:59] app.DEBUG: SELECT * FROM classroom_member WHERE classroomId = ? AND role LIKE ('%|teacher|%') ["4"] []
[2017-08-04 22:05:59] app.DEBUG: SELECT * FROM classroom WHERE id = ? ["4"] []
[2017-08-04 22:05:59] app.DEBUG: SELECT * FROM user WHERE id IN (?); ["1"] []
[2017-08-04 22:05:59] app.DEBUG: SELECT * FROM classroom_member WHERE classroomId = ? AND role LIKE ('%|teacher|%') ["3"] []
[2017-08-04 22:05:59] app.DEBUG: SELECT * FROM classroom WHERE id = ? ["3"] []
[2017-08-04 22:05:59] app.DEBUG: SELECT * FROM user WHERE id IN (?); ["1"] []
[2017-08-04 22:05:59] app.DEBUG: SELECT * FROM classroom_member WHERE classroomId = ? AND role LIKE ('%|teacher|%') ["2"] []
[2017-08-04 22:05:59] app.DEBUG: SELECT * FROM classroom WHERE id = ? ["2"] []
[2017-08-04 22:05:59] app.DEBUG: SELECT * FROM user WHERE id IN (?); ["1"] []
[2017-08-04 22:05:59] app.DEBUG: SELECT * FROM classroom_member WHERE classroomId = ? AND role LIKE ('%|teacher|%') ["1"] []
[2017-08-04 22:05:59] app.DEBUG: SELECT * FROM classroom_member WHERE userId = ? AND classroomId = ? LIMIT 1 [0,"4"] []
[2017-08-04 22:05:59] app.DEBUG: SELECT * FROM classroom_member WHERE userId = ? AND classroomId = ? LIMIT 1 [0,"3"] []
[2017-08-04 22:05:59] app.DEBUG: SELECT * FROM classroom_member WHERE userId = ? AND classroomId = ? LIMIT 1 [0,"2"] []
[2017-08-04 22:05:59] app.DEBUG: SELECT * FROM classroom_member WHERE userId = ? AND classroomId = ? LIMIT 1 [0,"1"] []
[2017-08-04 22:05:59] app.DEBUG: SELECT * FROM groups groups WHERE status = :status ORDER BY memberNum DESC LIMIT 6 OFFSET 0 {":status":"open"} []
[2017-08-04 22:05:59] app.DEBUG: SELECT * FROM course_review course_review WHERE (parentId = :parentId) AND (private = :private) ORDER BY createdTime DESC LIMIT 4 OFFSET 0 {":private":0,":parentId":0} []
[2017-08-04 22:05:59] app.DEBUG: SELECT * FROM article article WHERE (status = :status) AND (featured = :featured) ORDER BY createdTime DESC LIMIT 2 OFFSET 0 {":featured":1,":status":"published"} []
[2017-08-04 22:05:59] app.DEBUG: SELECT * FROM article_category WHERE id IN (?); ["1"] []
[2017-08-04 22:05:59] app.DEBUG: SELECT * FROM article article WHERE status = :status ORDER BY createdTime DESC LIMIT 5 OFFSET 0 {":status":"published"} []
[2017-08-04 22:05:59] app.DEBUG: SELECT * FROM article_category WHERE id IN (?,?,?,?,?); ["1","3","3","3","1"] []
[2017-08-04 22:05:59] app.DEBUG: SELECT * FROM user user WHERE (promoted = :promoted) AND (roles LIKE :roles) AND (locked = :locked) AND (type <> 'system') ORDER BY promoted DESC, promotedSeq ASC, promotedTime DESC, createdTime DESC LIMIT 4 OFFSET 0 {":roles":"%ROLE_TEACHER%",":promoted":"1",":locked":0} []
[2017-08-04 22:05:59] app.DEBUG: SELECT * FROM user_profile WHERE id IN (?,?,?,?); ["6","5","3","2"] []
[2017-08-04 22:05:59] app.DEBUG: SELECT * FROM block WHERE code = ? AND orgId = ? LIMIT 1  ["jianmo:bottom_info",1] []
[2017-08-04 22:05:59] app.DEBUG: SELECT * FROM block_template WHERE id = ? ["6"] []
[2017-08-04 22:06:00] app.DEBUG: SELECT * FROM cache WHERE name IN (?); ["settings"] []
[2017-08-04 22:06:15] app.DEBUG: SELECT * FROM cache WHERE name IN (?); ["settings"] []
[2017-08-04 22:06:15] app.DEBUG: SELECT COUNT(*) FROM navigation navigation WHERE (type = :type) AND (isOpen = :isOpen) AND (orgId = :orgId) {":type":"friendlyLink",":isOpen":1,":orgId":1} []
[2017-08-04 22:06:15] app.DEBUG: SELECT * FROM theme_config WHERE name = ? LIMIT 1  ["简墨"] []
[2017-08-04 22:06:16] app.DEBUG: SELECT * FROM announcement announcement WHERE (targetType = :targetType) AND (startTime <=:startTime) AND (endTime >=:endTime) ORDER BY createdTime DESC LIMIT 3 OFFSET 0 {":targetType":"global",":startTime":1501855200,":endTime":1501855200} []
[2017-08-04 22:06:16] app.DEBUG: SELECT COUNT(*) FROM navigation navigation WHERE (type = :type) AND (isOpen = :isOpen) AND (orgId = :orgId) {":type":"top",":isOpen":1,":orgId":1} []
[2017-08-04 22:06:16] app.DEBUG: SELECT * FROM navigation navigation WHERE (type = :type) AND (isOpen = :isOpen) AND (orgId = :orgId) ORDER BY sequence ASC LIMIT 13 OFFSET 0 {":type":"top",":isOpen":1,":orgId":1} []
[2017-08-04 22:06:16] app.DEBUG: SELECT * FROM block WHERE code = ? AND orgId = ? LIMIT 1  ["jianmo:home_top_banner",1] []
[2017-08-04 22:06:16] app.DEBUG: SELECT * FROM block_template WHERE id = ? ["4"] []
[2017-08-04 22:06:16] app.DEBUG: SELECT * FROM course_set_v8 course_set_v8 WHERE (status = :status) AND (parentId = :parentId) ORDER BY createdTime DESC LIMIT 12 OFFSET 0 {":status":"published",":parentId":0} []
[2017-08-04 22:06:16] app.DEBUG: SELECT * FROM user WHERE id IN (?,?,?,?,?,?,?,?,?,?,?,?); ["1","1","1","1","1","1","1","1","1","1","1","1"] []
[2017-08-04 22:06:16] app.DEBUG: SELECT * FROM user_profile WHERE id IN (?,?,?,?,?,?,?,?,?,?,?,?); ["1","1","1","1","1","1","1","1","1","1","1","1"] []
[2017-08-04 22:06:16] app.DEBUG: SELECT * FROM category WHERE id IN (?,?,?,?); ["4","1","2","3"] []
[2017-08-04 22:06:16] app.DEBUG: SELECT * FROM course_v8 WHERE courseSetId IN (?,?,?,?,?,?,?,?,?,?,?,?); ["19","18","13","14","15","12","11","10","9","8","7","6"] []
[2017-08-04 22:06:16] app.DEBUG: SELECT * FROM category_group WHERE code = ? LIMIT 1 ["course"] []
[2017-08-04 22:06:16] app.DEBUG: SELECT * FROM category WHERE groupId = ? AND parentId = ? ORDER BY weight ASC ["1",0] []
[2017-08-04 22:06:16] app.DEBUG: SELECT * FROM block WHERE code = ? AND orgId = ? LIMIT 1  ["jianmo:middle_banner",1] []
[2017-08-04 22:06:16] app.DEBUG: SELECT * FROM block_template WHERE id = ? ["5"] []
[2017-08-04 22:06:16] app.DEBUG: SELECT * FROM classroom classroom WHERE (status = :status) AND (recommended = :recommended) AND (showable = :showable) ORDER BY recommendedSeq ASC LIMIT 4 OFFSET 0 {":status":"published",":showable":1,":recommended":1} []
[2017-08-04 22:06:16] app.DEBUG: SELECT * FROM classroom_member WHERE classroomId = ? AND role LIKE ('%|teacher|%') ["4"] []
[2017-08-04 22:06:16] app.DEBUG: SELECT * FROM classroom WHERE id = ? ["4"] []
[2017-08-04 22:06:16] app.DEBUG: SELECT * FROM user WHERE id IN (?); ["1"] []
[2017-08-04 22:06:16] app.DEBUG: SELECT * FROM classroom_member WHERE classroomId = ? AND role LIKE ('%|teacher|%') ["3"] []
[2017-08-04 22:06:16] app.DEBUG: SELECT * FROM classroom WHERE id = ? ["3"] []
[2017-08-04 22:06:16] app.DEBUG: SELECT * FROM user WHERE id IN (?); ["1"] []
[2017-08-04 22:06:16] app.DEBUG: SELECT * FROM classroom_member WHERE classroomId = ? AND role LIKE ('%|teacher|%') ["2"] []
[2017-08-04 22:06:16] app.DEBUG: SELECT * FROM classroom WHERE id = ? ["2"] []
[2017-08-04 22:06:16] app.DEBUG: SELECT * FROM user WHERE id IN (?); ["1"] []
[2017-08-04 22:06:16] app.DEBUG: SELECT * FROM classroom_member WHERE classroomId = ? AND role LIKE ('%|teacher|%') ["1"] []
[2017-08-04 22:06:16] app.DEBUG: SELECT * FROM classroom_member WHERE userId = ? AND classroomId = ? LIMIT 1 [0,"4"] []
[2017-08-04 22:06:16] app.DEBUG: SELECT * FROM classroom_member WHERE userId = ? AND classroomId = ? LIMIT 1 [0,"3"] []
[2017-08-04 22:06:16] app.DEBUG: SELECT * FROM classroom_member WHERE userId = ? AND classroomId = ? LIMIT 1 [0,"2"] []
[2017-08-04 22:06:16] app.DEBUG: SELECT * FROM classroom_member WHERE userId = ? AND classroomId = ? LIMIT 1 [0,"1"] []
[2017-08-04 22:06:16] app.DEBUG: SELECT * FROM groups groups WHERE status = :status ORDER BY memberNum DESC LIMIT 6 OFFSET 0 {":status":"open"} []
[2017-08-04 22:06:16] app.DEBUG: SELECT * FROM course_review course_review WHERE (parentId = :parentId) AND (private = :private) ORDER BY createdTime DESC LIMIT 4 OFFSET 0 {":private":0,":parentId":0} []
[2017-08-04 22:06:16] app.DEBUG: SELECT * FROM article article WHERE (status = :status) AND (featured = :featured) ORDER BY createdTime DESC LIMIT 2 OFFSET 0 {":featured":1,":status":"published"} []
[2017-08-04 22:06:16] app.DEBUG: SELECT * FROM article_category WHERE id IN (?); ["1"] []
[2017-08-04 22:06:16] app.DEBUG: SELECT * FROM article article WHERE status = :status ORDER BY createdTime DESC LIMIT 5 OFFSET 0 {":status":"published"} []
[2017-08-04 22:06:16] app.DEBUG: SELECT * FROM article_category WHERE id IN (?,?,?,?,?); ["1","3","3","3","1"] []
[2017-08-04 22:06:16] app.DEBUG: SELECT * FROM user user WHERE (promoted = :promoted) AND (roles LIKE :roles) AND (locked = :locked) AND (type <> 'system') ORDER BY promoted DESC, promotedSeq ASC, promotedTime DESC, createdTime DESC LIMIT 4 OFFSET 0 {":roles":"%ROLE_TEACHER%",":promoted":"1",":locked":0} []
[2017-08-04 22:06:16] app.DEBUG: SELECT * FROM user_profile WHERE id IN (?,?,?,?); ["6","5","3","2"] []
[2017-08-04 22:06:16] app.DEBUG: SELECT * FROM block WHERE code = ? AND orgId = ? LIMIT 1  ["jianmo:bottom_info",1] []
[2017-08-04 22:06:16] app.DEBUG: SELECT * FROM block_template WHERE id = ? ["6"] []
[2017-08-04 22:06:17] app.DEBUG: SELECT * FROM cache WHERE name IN (?); ["settings"] []
[2017-08-04 22:38:15] app.ALERT: Fatal Error (E_ERROR): Maximum function nesting level of '100' reached, aborting! {"code":1,"message":"Maximum function nesting level of '100' reached, aborting!","file":"E:\\xampp\\htdocs\\pro\\edusohoty\\vendor\\twig\\twig\\lib\\Twig\\Loader\\Array.php","line":71} []
[2017-08-05 09:30:02] app.ALERT: Fatal Error (E_ERROR): Maximum function nesting level of '100' reached, aborting! {"code":1,"message":"Maximum function nesting level of '100' reached, aborting!","file":"E:\\xampp\\htdocs\\pro\\edusohoty\\vendor\\twig\\twig\\lib\\Twig\\Loader\\Array.php","line":71} []
[2017-08-05 09:36:13] app.NOTICE: E_NOTICE: Undefined index: cash_model {"code":8,"message":"Undefined index: cash_model","file":"E:\\xampp\\htdocs\\pro\\edusohoty\\src\\Biz\\Order\\Service\\Impl\\OrderFacadeServiceImpl.php","line":90} []
[2017-08-05 09:57:09] app.ALERT: Fatal Error (E_ERROR): Maximum function nesting level of '100' reached, aborting! {"code":1,"message":"Maximum function nesting level of '100' reached, aborting!","file":"E:\\xampp\\htdocs\\pro\\edusohoty\\vendor\\codeages\\plugin-bundle\\Loader\\ThemeTwigLoader.php","line":75} []
